2021-01-19 09:32:39.739 [main] INFO  com.ywl.springboot.SpringbootApplication - Starting SpringbootApplication using Java 1.8.0_05 on 你是猪吗 with PID 14204 (D:\IdeaAllProject\springboot\target\classes started by 听风看月 in D:\IdeaAllProject\springboot)
2021-01-19 09:32:39.742 [main] INFO  com.ywl.springboot.SpringbootApplication - No active profile set, falling back to default profiles: default
2021-01-19 09:32:41.007 [main] INFO  o.s.boot.web.embedded.tomcat.TomcatWebServer - Tomcat initialized with port(s): 8080 (http)
2021-01-19 09:32:41.028 [main] INFO  org.apache.coyote.http11.Http11NioProtocol - Initializing ProtocolHandler ["http-nio-8080"]
2021-01-19 09:32:41.029 [main] INFO  org.apache.catalina.core.StandardService - Starting service [Tomcat]
2021-01-19 09:32:41.030 [main] INFO  org.apache.catalina.core.StandardEngine - Starting Servlet engine: [Apache Tomcat/9.0.41]
2021-01-19 09:32:41.176 [main] INFO  o.a.c.core.ContainerBase.[Tomcat].[localhost].[/] - Initializing Spring embedded WebApplicationContext
2021-01-19 09:32:41.176 [main] INFO  o.s.b.w.s.c.ServletWebServerApplicationContext - Root WebApplicationContext: initialization completed in 1353 ms
2021-01-19 09:32:41.413 [main] INFO  o.s.scheduling.concurrent.ThreadPoolTaskExecutor - Initializing ExecutorService 'applicationTaskExecutor'
2021-01-19 09:32:41.676 [main] INFO  org.apache.coyote.http11.Http11NioProtocol - Starting ProtocolHandler ["http-nio-8080"]
2021-01-19 09:32:41.697 [main] INFO  o.s.boot.web.embedded.tomcat.TomcatWebServer - Tomcat started on port(s): 8080 (http) with context path ''
2021-01-19 09:32:41.704 [main] INFO  com.ywl.springboot.SpringbootApplication - Started SpringbootApplication in 2.828 seconds (JVM running for 4.031)
2021-01-19 09:32:57.483 [main] INFO  com.ywl.springboot.SpringbootApplicationTests - Starting SpringbootApplicationTests using Java 1.8.0_05 on 你是猪吗 with PID 17004 (started by 听风看月 in D:\IdeaAllProject\springboot)
2021-01-19 09:32:57.486 [main] INFO  com.ywl.springboot.SpringbootApplicationTests - No active profile set, falling back to default profiles: default
2021-01-19 09:32:58.527 [main] INFO  o.s.scheduling.concurrent.ThreadPoolTaskExecutor - Initializing ExecutorService 'applicationTaskExecutor'
2021-01-19 09:32:58.889 [main] INFO  com.ywl.springboot.SpringbootApplicationTests - Started SpringbootApplicationTests in 1.999 seconds (JVM running for 3.467)
2021-01-19 09:32:59.294 [SpringContextShutdownHook] INFO  o.s.scheduling.concurrent.ThreadPoolTaskExecutor - Shutting down ExecutorService 'applicationTaskExecutor'
2021-01-19 09:35:40.370 [main] INFO  com.ywl.springboot.SpringbootApplicationTests - Starting SpringbootApplicationTests using Java 1.8.0_05 on 你是猪吗 with PID 6392 (started by 听风看月 in D:\IdeaAllProject\springboot)
2021-01-19 09:35:40.373 [main] INFO  com.ywl.springboot.SpringbootApplicationTests - No active profile set, falling back to default profiles: default
2021-01-19 09:35:41.385 [main] INFO  o.s.scheduling.concurrent.ThreadPoolTaskExecutor - Initializing ExecutorService 'applicationTaskExecutor'
2021-01-19 09:35:41.747 [main] INFO  com.ywl.springboot.SpringbootApplicationTests - Started SpringbootApplicationTests in 1.812 seconds (JVM running for 2.751)
2021-01-19 09:35:41.919 [SpringContextShutdownHook] INFO  o.s.scheduling.concurrent.ThreadPoolTaskExecutor - Shutting down ExecutorService 'applicationTaskExecutor'
2021-01-19 09:35:50.364 [main] INFO  com.ywl.springboot.SpringbootApplication - Starting SpringbootApplication using Java 1.8.0_05 on 你是猪吗 with PID 18584 (D:\IdeaAllProject\springboot\target\classes started by 听风看月 in D:\IdeaAllProject\springboot)
2021-01-19 09:35:50.367 [main] INFO  com.ywl.springboot.SpringbootApplication - No active profile set, falling back to default profiles: default
2021-01-19 09:35:51.298 [main] INFO  o.s.boot.web.embedded.tomcat.TomcatWebServer - Tomcat initialized with port(s): 8080 (http)
2021-01-19 09:35:51.304 [main] INFO  org.apache.coyote.http11.Http11NioProtocol - Initializing ProtocolHandler ["http-nio-8080"]
2021-01-19 09:35:51.305 [main] INFO  org.apache.catalina.core.StandardService - Starting service [Tomcat]
2021-01-19 09:35:51.305 [main] INFO  org.apache.catalina.core.StandardEngine - Starting Servlet engine: [Apache Tomcat/9.0.41]
2021-01-19 09:35:51.440 [main] INFO  o.a.c.core.ContainerBase.[Tomcat].[localhost].[/] - Initializing Spring embedded WebApplicationContext
2021-01-19 09:35:51.440 [main] INFO  o.s.b.w.s.c.ServletWebServerApplicationContext - Root WebApplicationContext: initialization completed in 1035 ms
2021-01-19 09:35:51.554 [main] INFO  o.s.scheduling.concurrent.ThreadPoolTaskExecutor - Initializing ExecutorService 'applicationTaskExecutor'
2021-01-19 09:35:51.658 [main] INFO  org.apache.coyote.http11.Http11NioProtocol - Starting ProtocolHandler ["http-nio-8080"]
2021-01-19 09:35:51.672 [main] INFO  o.s.boot.web.embedded.tomcat.TomcatWebServer - Tomcat started on port(s): 8080 (http) with context path ''
2021-01-19 09:35:51.679 [main] INFO  com.ywl.springboot.SpringbootApplication - Started SpringbootApplication in 1.687 seconds (JVM running for 2.442)
2021-01-19 09:35:59.349 [main] INFO  com.ywl.springboot.SpringbootApplicationTests - Starting SpringbootApplicationTests using Java 1.8.0_05 on 你是猪吗 with PID 3076 (started by 听风看月 in D:\IdeaAllProject\springboot)
2021-01-19 09:35:59.351 [main] INFO  com.ywl.springboot.SpringbootApplicationTests - No active profile set, falling back to default profiles: default
2021-01-19 09:36:00.346 [main] INFO  o.s.scheduling.concurrent.ThreadPoolTaskExecutor - Initializing ExecutorService 'applicationTaskExecutor'
2021-01-19 09:36:00.684 [main] INFO  com.ywl.springboot.SpringbootApplicationTests - Started SpringbootApplicationTests in 1.789 seconds (JVM running for 2.7)
2021-01-19 09:36:00.849 [SpringContextShutdownHook] INFO  o.s.scheduling.concurrent.ThreadPoolTaskExecutor - Shutting down ExecutorService 'applicationTaskExecutor'
2021-01-19 09:38:26.470 [main] INFO  com.ywl.springboot.SpringbootApplication - Starting SpringbootApplication using Java 1.8.0_05 on 你是猪吗 with PID 8316 (D:\IdeaAllProject\springboot\target\classes started by 听风看月 in D:\IdeaAllProject\springboot)
2021-01-19 09:38:26.473 [main] INFO  com.ywl.springboot.SpringbootApplication - No active profile set, falling back to default profiles: default
2021-01-19 09:38:27.109 [main] INFO  o.s.boot.web.embedded.tomcat.TomcatWebServer - Tomcat initialized with port(s): 8080 (http)
2021-01-19 09:38:27.115 [main] INFO  org.apache.coyote.http11.Http11NioProtocol - Initializing ProtocolHandler ["http-nio-8080"]
2021-01-19 09:38:27.116 [main] INFO  org.apache.catalina.core.StandardService - Starting service [Tomcat]
2021-01-19 09:38:27.116 [main] INFO  org.apache.catalina.core.StandardEngine - Starting Servlet engine: [Apache Tomcat/9.0.41]
2021-01-19 09:38:27.241 [main] INFO  o.a.c.core.ContainerBase.[Tomcat].[localhost].[/] - Initializing Spring embedded WebApplicationContext
2021-01-19 09:38:27.241 [main] INFO  o.s.b.w.s.c.ServletWebServerApplicationContext - Root WebApplicationContext: initialization completed in 734 ms
2021-01-19 09:38:27.367 [main] INFO  o.s.scheduling.concurrent.ThreadPoolTaskExecutor - Initializing ExecutorService 'applicationTaskExecutor'
2021-01-19 09:38:27.472 [main] INFO  org.apache.coyote.http11.Http11NioProtocol - Starting ProtocolHandler ["http-nio-8080"]
2021-01-19 09:38:27.486 [main] INFO  o.s.boot.web.embedded.tomcat.TomcatWebServer - Tomcat started on port(s): 8080 (http) with context path ''
2021-01-19 09:38:27.492 [main] INFO  com.ywl.springboot.SpringbootApplication - Started SpringbootApplication in 1.395 seconds (JVM running for 2.123)
2021-01-19 09:38:31.670 [main] INFO  com.ywl.springboot.SpringbootApplicationTests - Starting SpringbootApplicationTests using Java 1.8.0_05 on 你是猪吗 with PID 16256 (started by 听风看月 in D:\IdeaAllProject\springboot)
2021-01-19 09:38:31.672 [main] INFO  com.ywl.springboot.SpringbootApplicationTests - No active profile set, falling back to default profiles: default
2021-01-19 09:38:32.747 [main] INFO  o.s.scheduling.concurrent.ThreadPoolTaskExecutor - Initializing ExecutorService 'applicationTaskExecutor'
2021-01-19 09:38:33.002 [main] INFO  com.ywl.springboot.SpringbootApplicationTests - Started SpringbootApplicationTests in 1.779 seconds (JVM running for 2.699)
2021-01-19 09:38:33.169 [SpringContextShutdownHook] INFO  o.s.scheduling.concurrent.ThreadPoolTaskExecutor - Shutting down ExecutorService 'applicationTaskExecutor'
2021-01-19 09:42:50.298 [main] INFO  com.ywl.springboot.SpringbootApplicationTests - Starting SpringbootApplicationTests using Java 1.8.0_05 on 你是猪吗 with PID 12716 (started by 听风看月 in D:\IdeaAllProject\springboot)
2021-01-19 09:42:50.300 [main] INFO  com.ywl.springboot.SpringbootApplicationTests - No active profile set, falling back to default profiles: default
2021-01-19 09:42:51.344 [main] INFO  o.s.scheduling.concurrent.ThreadPoolTaskExecutor - Initializing ExecutorService 'applicationTaskExecutor'
2021-01-19 09:42:51.620 [main] INFO  com.ywl.springboot.SpringbootApplicationTests - Started SpringbootApplicationTests in 1.744 seconds (JVM running for 2.658)
2021-01-19 09:42:51.808 [SpringContextShutdownHook] INFO  o.s.scheduling.concurrent.ThreadPoolTaskExecutor - Shutting down ExecutorService 'applicationTaskExecutor'
2021-01-19 09:42:58.749 [main] INFO  com.ywl.springboot.SpringbootApplication - Starting SpringbootApplication using Java 1.8.0_05 on 你是猪吗 with PID 19864 (D:\IdeaAllProject\springboot\target\classes started by 听风看月 in D:\IdeaAllProject\springboot)
2021-01-19 09:42:58.752 [main] INFO  com.ywl.springboot.SpringbootApplication - No active profile set, falling back to default profiles: default
2021-01-19 09:42:59.505 [main] INFO  o.s.boot.web.embedded.tomcat.TomcatWebServer - Tomcat initialized with port(s): 8080 (http)
2021-01-19 09:42:59.510 [main] INFO  org.apache.coyote.http11.Http11NioProtocol - Initializing ProtocolHandler ["http-nio-8080"]
2021-01-19 09:42:59.511 [main] INFO  org.apache.catalina.core.StandardService - Starting service [Tomcat]
2021-01-19 09:42:59.511 [main] INFO  org.apache.catalina.core.StandardEngine - Starting Servlet engine: [Apache Tomcat/9.0.41]
2021-01-19 09:42:59.571 [main] INFO  o.a.c.core.ContainerBase.[Tomcat].[localhost].[/] - Initializing Spring embedded WebApplicationContext
2021-01-19 09:42:59.571 [main] INFO  o.s.b.w.s.c.ServletWebServerApplicationContext - Root WebApplicationContext: initialization completed in 789 ms
2021-01-19 09:42:59.682 [main] INFO  o.s.scheduling.concurrent.ThreadPoolTaskExecutor - Initializing ExecutorService 'applicationTaskExecutor'
2021-01-19 09:42:59.860 [main] INFO  org.apache.coyote.http11.Http11NioProtocol - Starting ProtocolHandler ["http-nio-8080"]
2021-01-19 09:42:59.874 [main] INFO  o.s.boot.web.embedded.tomcat.TomcatWebServer - Tomcat started on port(s): 8080 (http) with context path ''
2021-01-19 09:42:59.881 [main] INFO  com.ywl.springboot.SpringbootApplication - Started SpringbootApplication in 1.503 seconds (JVM running for 2.264)
2021-01-19 09:43:03.795 [main] INFO  com.ywl.springboot.SpringbootApplicationTests - Starting SpringbootApplicationTests using Java 1.8.0_05 on 你是猪吗 with PID 16140 (started by 听风看月 in D:\IdeaAllProject\springboot)
2021-01-19 09:43:03.798 [main] INFO  com.ywl.springboot.SpringbootApplicationTests - No active profile set, falling back to default profiles: default
2021-01-19 09:43:04.988 [main] INFO  o.s.scheduling.concurrent.ThreadPoolTaskExecutor - Initializing ExecutorService 'applicationTaskExecutor'
2021-01-19 09:43:05.250 [main] INFO  com.ywl.springboot.SpringbootApplicationTests - Started SpringbootApplicationTests in 1.835 seconds (JVM running for 2.747)
2021-01-19 09:43:05.415 [SpringContextShutdownHook] INFO  o.s.scheduling.concurrent.ThreadPoolTaskExecutor - Shutting down ExecutorService 'applicationTaskExecutor'
